This is XeTeX, Version 3.141592653-2.6-0.999993 (MiKTeX 22.1) (preloaded format=xelatex 2022.12.26)  26 DEC 2022 14:22
entering extended mode
 restricted \write18 enabled.
 file:line:error style messages enabled.
 %&-line parsing enabled.
**./dpl.tex
(dpl.tex
LaTeX2e <2022-11-01> patch level 1
L3 programming layer <2022-12-17>
(/Users/qinyinan/Library/Application Support/MiKTeX/texmfs/install/tex/latex/ct
ex/ctexrep.cls
(/Users/qinyinan/Library/Application Support/MiKTeX/texmfs/install/tex/latex/ct
ex/config/ctexbackend.cfg
File: ctexbackend.cfg 2022/07/14 v2.5.10 Backend configuration file (CTEX)
)
(/Users/qinyinan/Library/Application Support/MiKTeX/texmfs/install/tex/latex/l3
kernel/expl3.sty
Package: expl3 2022-12-17 L3 programming layer (loader) 

(/Users/qinyinan/Library/Application Support/MiKTeX/texmfs/install/tex/latex/l3
backend/l3backend-xetex.def
File: l3backend-xetex.def 2022-10-26 L3 backend support: XeTeX
\g__graphics_track_int=\count181
\l__pdf_internal_box=\box51
\g__pdf_backend_object_int=\count182
\g__pdf_backend_annotation_int=\count183
\g__pdf_backend_link_int=\count184
))
Document Class: ctexrep 2022/07/14 v2.5.10 Chinese adapter for class report (CT
EX)

(/Users/qinyinan/Library/Application Support/MiKTeX/texmfs/install/tex/latex/ct
ex/ctexhook.sty
Package: ctexhook 2022/07/14 v2.5.10 Document and package hooks (CTEX)
)
(/Users/qinyinan/Library/Application Support/MiKTeX/texmfs/install/tex/latex/ct
ex/ctexpatch.sty
Package: ctexpatch 2022/07/14 v2.5.10 Patching commands (CTEX)
)
(/Users/qinyinan/Library/Application Support/MiKTeX/texmfs/install/tex/latex/ba
se/fix-cm.sty
Package: fix-cm 2020/11/24 v1.1t fixes to LaTeX

(/Users/qinyinan/Library/Application Support/MiKTeX/texmfs/install/tex/latex/ba
se/ts1enc.def
File: ts1enc.def 2001/06/05 v3.0e (jk/car/fm) Standard LaTeX file
LaTeX Font Info:    Redeclaring font encoding TS1 on input line 47.
))
\l__ctex_tmp_int=\count185
\l__ctex_tmp_box=\box52
\l__ctex_tmp_dim=\dimen140
\g__ctex_section_depth_int=\count186
\g__ctex_font_size_int=\count187

(/Users/qinyinan/Library/Application Support/MiKTeX/texmfs/install/tex/latex/ct
ex/config/ctexopts.cfg
File: ctexopts.cfg 2022/07/14 v2.5.10 Option configuration file (CTEX)
)
(/Users/qinyinan/Library/Application Support/MiKTeX/texmfs/install/tex/latex/ba
se/report.cls
Document Class: report 2022/07/02 v1.4n Standard LaTeX document class

(/Users/qinyinan/Library/Application Support/MiKTeX/texmfs/install/tex/latex/ba
se/size10.clo
File: size10.clo 2022/07/02 v1.4n Standard LaTeX file (size option)
)
\c@part=\count188
\c@chapter=\count189
\c@section=\count190
\c@subsection=\count191
\c@subsubsection=\count192
\c@paragraph=\count193
\c@subparagraph=\count194
\c@figure=\count195
\c@table=\count196
\abovecaptionskip=\skip48
\belowcaptionskip=\skip49
\bibindent=\dimen141
)
(/Users/qinyinan/Library/Application Support/MiKTeX/texmfs/install/tex/latex/ct
ex/engine/ctex-engine-xetex.def
File: ctex-engine-xetex.def 2022/07/14 v2.5.10 XeLaTeX adapter (CTEX)

(/Users/qinyinan/Library/Application Support/MiKTeX/texmfs/install/tex/xelatex/
xecjk/xeCJK.sty
Package: xeCJK 2022/08/05 v3.9.1 Typesetting CJK scripts with XeLaTeX

(/Users/qinyinan/Library/Application Support/MiKTeX/texmfs/install/tex/latex/l3
packages/xtemplate/xtemplate.sty
Package: xtemplate 2022-12-17 L3 Experimental prototype document functions
\l__xtemplate_tmp_dim=\dimen142
\l__xtemplate_tmp_int=\count197
\l__xtemplate_tmp_muskip=\muskip16
\l__xtemplate_tmp_skip=\skip50
)
\l__xeCJK_tmp_int=\count198
\l__xeCJK_tmp_box=\box53
\l__xeCJK_tmp_dim=\dimen143
\l__xeCJK_tmp_skip=\skip51
\g__xeCJK_space_factor_int=\count199
\l__xeCJK_begin_int=\count266
\l__xeCJK_end_int=\count267
\c__xeCJK_CJK_class_int=\XeTeXcharclass1
\c__xeCJK_FullLeft_class_int=\XeTeXcharclass2
\c__xeCJK_FullRight_class_int=\XeTeXcharclass3
\c__xeCJK_HalfLeft_class_int=\XeTeXcharclass4
\c__xeCJK_HalfRight_class_int=\XeTeXcharclass5
\c__xeCJK_NormalSpace_class_int=\XeTeXcharclass6
\c__xeCJK_CM_class_int=\XeTeXcharclass7
\c__xeCJK_HangulJamo_class_int=\XeTeXcharclass8
\l__xeCJK_last_skip=\skip52
\c__xeCJK_none_node=\count268
\g__xeCJK_node_int=\count269
\c__xeCJK_CJK_node_dim=\dimen144
\c__xeCJK_CJK-space_node_dim=\dimen145
\c__xeCJK_default_node_dim=\dimen146
\c__xeCJK_CJK-widow_node_dim=\dimen147
\c__xeCJK_normalspace_node_dim=\dimen148
\c__xeCJK_default-space_node_skip=\skip53
\l__xeCJK_ccglue_skip=\skip54
\l__xeCJK_ecglue_skip=\skip55
\l__xeCJK_punct_kern_skip=\skip56
\l__xeCJK_indent_box=\box54
\l__xeCJK_last_penalty_int=\count270
\l__xeCJK_last_bound_dim=\dimen149
\l__xeCJK_last_kern_dim=\dimen150
\l__xeCJK_widow_penalty_int=\count271

Package xtemplate Info: Declaring object type 'xeCJK/punctuation' taking 0
(xtemplate)             argument(s) on line 2396.

\l__xeCJK_fixed_punct_width_dim=\dimen151
\l__xeCJK_mixed_punct_width_dim=\dimen152
\l__xeCJK_middle_punct_width_dim=\dimen153
\l__xeCJK_fixed_margin_width_dim=\dimen154
\l__xeCJK_mixed_margin_width_dim=\dimen155
\l__xeCJK_middle_margin_width_dim=\dimen156
\l__xeCJK_bound_punct_width_dim=\dimen157
\l__xeCJK_bound_margin_width_dim=\dimen158
\l__xeCJK_margin_minimum_dim=\dimen159
\l__xeCJK_kerning_total_width_dim=\dimen160
\l__xeCJK_same_align_margin_dim=\dimen161
\l__xeCJK_different_align_margin_dim=\dimen162
\l__xeCJK_kerning_margin_width_dim=\dimen163
\l__xeCJK_kerning_margin_minimum_dim=\dimen164
\l__xeCJK_bound_dim=\dimen165
\l__xeCJK_reverse_bound_dim=\dimen166
\l__xeCJK_margin_dim=\dimen167
\l__xeCJK_minimum_bound_dim=\dimen168
\l__xeCJK_kerning_margin_dim=\dimen169
\g__xeCJK_family_int=\count272
\l__xeCJK_fam_int=\count273
\g__xeCJK_fam_allocation_int=\count274
\l__xeCJK_verb_case_int=\count275
\l__xeCJK_verb_exspace_skip=\skip57

(/Users/qinyinan/Library/Application Support/MiKTeX/texmfs/install/tex/latex/fo
ntspec/fontspec.sty
(/Users/qinyinan/Library/Application Support/MiKTeX/texmfs/install/tex/latex/l3
packages/xparse/xparse.sty
Package: xparse 2022-12-17 L3 Experimental document command parser
)
Package: fontspec 2022/01/15 v2.8a Font selection for XeLaTeX and LuaLaTeX

(/Users/qinyinan/Library/Application Support/MiKTeX/texmfs/install/tex/latex/fo
ntspec/fontspec-xetex.sty
Package: fontspec-xetex 2022/01/15 v2.8a Font selection for XeLaTeX and LuaLaTe
X
\l__fontspec_script_int=\count276
\l__fontspec_language_int=\count277
\l__fontspec_strnum_int=\count278
\l__fontspec_tmp_int=\count279
\l__fontspec_tmpa_int=\count280
\l__fontspec_tmpb_int=\count281
\l__fontspec_tmpc_int=\count282
\l__fontspec_em_int=\count283
\l__fontspec_emdef_int=\count284
\l__fontspec_strong_int=\count285
\l__fontspec_strongdef_int=\count286
\l__fontspec_tmpa_dim=\dimen170
\l__fontspec_tmpb_dim=\dimen171
\l__fontspec_tmpc_dim=\dimen172

(/Users/qinyinan/Library/Application Support/MiKTeX/texmfs/install/tex/latex/ba
se/fontenc.sty
Package: fontenc 2021/04/29 v2.0v Standard LaTeX package
)
(/Users/qinyinan/Library/Application Support/MiKTeX/texmfs/install/tex/latex/fo
ntspec/fontspec.cfg)))
(/Users/qinyinan/Library/Application Support/MiKTeX/texmfs/install/tex/xelatex/
xecjk/xeCJK.cfg
File: xeCJK.cfg 2022/08/05 v3.9.1 Configuration file for xeCJK package
))
\ccwd=\dimen173
\l__ctex_ccglue_skip=\skip58
)
\l__ctex_ziju_dim=\dimen174

(/Users/qinyinan/Library/Application Support/MiKTeX/texmfs/install/tex/latex/zh
number/zhnumber.sty
Package: zhnumber 2022/07/14 v3.0 Typesetting numbers with Chinese glyphs
\l__zhnum_scale_int=\count287
\l__zhnum_tmp_int=\count288

(/Users/qinyinan/Library/Application Support/MiKTeX/texmfs/install/tex/latex/zh
number/zhnumber-utf8.cfg
File: zhnumber-utf8.cfg 2022/07/14 v3.0 Chinese numerals with UTF8 encoding
))
\l__ctex_heading_skip=\skip59

(/Users/qinyinan/Library/Application Support/MiKTeX/texmfs/install/tex/latex/ct
ex/scheme/ctex-scheme-chinese-report.def
File: ctex-scheme-chinese-report.def 2022/07/14 v2.5.10 Chinese scheme for repo
rt (CTEX)

(/Users/qinyinan/Library/Application Support/MiKTeX/texmfs/install/tex/latex/ct
ex/config/ctex-name-utf8.cfg
File: ctex-name-utf8.cfg 2022/07/14 v2.5.10 Caption with encoding UTF-8 (CTEX)
))
(/Users/qinyinan/Library/Application Support/MiKTeX/texmfs/install/tex/latex/ct
ex/ctex-c5size.clo
File: ctex-c5size.clo 2022/07/14 v2.5.10 c5size option (CTEX)
)
(/Users/qinyinan/Library/Application Support/MiKTeX/texmfs/install/tex/latex/ct
ex/fontset/ctex-fontset-mac.def
File: ctex-fontset-mac.def 2022/07/14 v2.5.10 macOS fonts definition (CTEX)

(/Users/qinyinan/Library/Application Support/MiKTeX/texmfs/install/tex/latex/ct
ex/fontset/ctex-fontset-macnew.def
File: ctex-fontset-macnew.def 2022/07/14 v2.5.10 macOS fonts definition for El 
Capitan or later version (CTEX)


Package fontspec Warning: Font "Songti SC Light" does not contain requested
(fontspec)                Script "CJK".


/Users/qinyinan/Library/Application Support/MiKTeX/texmfs/install/tex/latex/cte
x/fontset/ctex-fontset-macnew.def:99: Package fontspec Error: The font "Kaiti S
C" cannot be found.

For immediate help type H <return>.
 ...                                              
                                                  
l.99   }
        

A font might not be found for many reasons.
 Check the spelling, where the font is installed etc. etc.

 When in doubt, ask someone for help!



/Users/qinyinan/Library/Application Support/MiKTeX/texmfs/install/tex/latex/cte
x/fontset/ctex-fontset-macnew.def:99: Package fontspec Error: The font "Kaiti S
C" cannot be found.

For immediate help type H <return>.
 ...                                              
                                                  
l.99   }
        

A font might not be found for many reasons.
 Check the spelling, where the font is installed etc. etc.

 When in doubt, ask someone for help!



/Users/qinyinan/Library/Application Support/MiKTeX/texmfs/install/tex/latex/cte
x/fontset/ctex-fontset-macnew.def:99: Package fontspec Error: The font "Kaiti S
C Bold" cannot be found.

For immediate help type H <return>.
 ...                                              
                                                  
l.99   }
        

A font might not be found for many reasons.
 Check the spelling, where the font is installed etc. etc.

 When in doubt, ask someone for help!



/Users/qinyinan/Library/Application Support/MiKTeX/texmfs/install/tex/latex/cte
x/fontset/ctex-fontset-macnew.def:99: Package fontspec Error: The font "Kaiti S
C Bold" cannot be found.

For immediate help type H <return>.
 ...                                              
                                                  
l.99   }
        

A font might not be found for many reasons.
 Check the spelling, where the font is installed etc. etc.

 When in doubt, ask someone for help!



Package fontspec Info: Font family 'SongtiSCLight(0)' created for font 'Songti
(fontspec)             SC Light' with options
(fontspec)             [Script={CJK},BoldItalicFont={Kaiti SC
(fontspec)             Bold},BoldFont={Songti SC Bold},ItalicFont={Kaiti SC}].
(fontspec)              
(fontspec)              This font family consists of the following NFSS
(fontspec)             series/shapes:
(fontspec)              
(fontspec)             - 'normal' (m/n) with NFSS spec.: <->"Songti SC
(fontspec)             Light/OT:language=dflt;"
(fontspec)             - 'small caps'  (m/sc) with NFSS spec.: 
(fontspec)             - 'bold' (b/n) with NFSS spec.: <->"Songti SC
(fontspec)             Bold/OT:language=dflt;"
(fontspec)             - 'bold small caps'  (b/sc) with NFSS spec.: 
(fontspec)             - 'italic' (m/it) with NFSS spec.: <->"Kaiti
(fontspec)             SC/OT:language=dflt;"
(fontspec)             - 'italic small caps'  (m/scit) with NFSS spec.: 
(fontspec)             - 'bold italic' (b/it) with NFSS spec.: <->"Kaiti SC
(fontspec)             Bold/OT:language=dflt;"
(fontspec)             - 'bold italic small caps'  (b/scit) with NFSS spec.: 

)))
(/Users/qinyinan/Library/Application Support/MiKTeX/texmfs/install/tex/latex/ct
ex/config/ctex.cfg
File: ctex.cfg 2022/07/14 v2.5.10 Configuration file (CTEX)
)
(/Users/qinyinan/Library/Application Support/MiKTeX/texmfs/install/tex/latex/ba
se/fontenc.sty
Package: fontenc 2021/04/29 v2.0v Standard LaTeX package
LaTeX Font Info:    Trying to load font information for T1+lmr on input line 11
2.

(/Users/qinyinan/Library/Application Support/MiKTeX/texmfs/install/tex/latex/lm
/t1lmr.fd
File: t1lmr.fd 2015/05/01 v1.6.1 Font defs for Latin Modern
))
(/Users/qinyinan/Library/Application Support/MiKTeX/texmfs/install/tex/latex/am
smath/amsmath.sty
Package: amsmath 2022/04/08 v2.17n AMS math features
\@mathmargin=\skip60

For additional information on amsmath, use the `?' option.

(/Users/qinyinan/Library/Application Support/MiKTeX/texmfs/install/tex/latex/am
smath/amstext.sty
Package: amstext 2021/08/26 v2.01 AMS text

(/Users/qinyinan/Library/Application Support/MiKTeX/texmfs/install/tex/latex/am
smath/amsgen.sty
File: amsgen.sty 1999/11/30 v2.0 generic functions
\@emptytoks=\toks16
\ex@=\dimen175
))
(/Users/qinyinan/Library/Application Support/MiKTeX/texmfs/install/tex/latex/am
smath/amsbsy.sty
Package: amsbsy 1999/11/29 v1.2d Bold Symbols
\pmbraise@=\dimen176
)
(/Users/qinyinan/Library/Application Support/MiKTeX/texmfs/install/tex/latex/am
smath/amsopn.sty
Package: amsopn 2022/04/08 v2.04 operator names
)
\inf@bad=\count289
LaTeX Info: Redefining \frac on input line 234.
\uproot@=\count290
\leftroot@=\count291
LaTeX Info: Redefining \overline on input line 399.
LaTeX Info: Redefining \colon on input line 410.
\classnum@=\count292
\DOTSCASE@=\count293
LaTeX Info: Redefining \ldots on input line 496.
LaTeX Info: Redefining \dots on input line 499.
LaTeX Info: Redefining \cdots on input line 620.
\Mathstrutbox@=\box55
\strutbox@=\box56
LaTeX Info: Redefining \big on input line 722.
LaTeX Info: Redefining \Big on input line 723.
LaTeX Info: Redefining \bigg on input line 724.
LaTeX Info: Redefining \Bigg on input line 725.
\big@size=\dimen177
LaTeX Font Info:    Redeclaring font encoding OML on input line 743.
LaTeX Font Info:    Redeclaring font encoding OMS on input line 744.
\macc@depth=\count294
LaTeX Info: Redefining \bmod on input line 905.
LaTeX Info: Redefining \pmod on input line 910.
LaTeX Info: Redefining \smash on input line 940.
LaTeX Info: Redefining \relbar on input line 970.
LaTeX Info: Redefining \Relbar on input line 971.
\c@MaxMatrixCols=\count295
\dotsspace@=\muskip17
\c@parentequation=\count296
\dspbrk@lvl=\count297
\tag@help=\toks17
\row@=\count298
\column@=\count299
\maxfields@=\count300
\andhelp@=\toks18
\eqnshift@=\dimen178
\alignsep@=\dimen179
\tagshift@=\dimen180
\tagwidth@=\dimen181
\totwidth@=\dimen182
\lineht@=\dimen183
\@envbody=\toks19
\multlinegap=\skip61
\multlinetaggap=\skip62
\mathdisplay@stack=\toks20
LaTeX Info: Redefining \[ on input line 2953.
LaTeX Info: Redefining \] on input line 2954.
)
(/Users/qinyinan/Library/Application Support/MiKTeX/texmfs/install/tex/latex/gr
aphics/graphicx.sty
Package: graphicx 2021/09/16 v1.2d Enhanced LaTeX Graphics (DPC,SPQR)

(/Users/qinyinan/Library/Application Support/MiKTeX/texmfs/install/tex/latex/gr
aphics/keyval.sty
Package: keyval 2022/05/29 v1.15 key=value parser (DPC)
\KV@toks@=\toks21
)
(/Users/qinyinan/Library/Application Support/MiKTeX/texmfs/install/tex/latex/gr
aphics/graphics.sty
Package: graphics 2022/03/10 v1.4e Standard LaTeX Graphics (DPC,SPQR)

(/Users/qinyinan/Library/Application Support/MiKTeX/texmfs/install/tex/latex/gr
aphics/trig.sty
Package: trig 2021/08/11 v1.11 sin cos tan (DPC)
)
(/Users/qinyinan/Library/Application Support/MiKTeX/texmfs/install/tex/latex/gr
aphics-cfg/graphics.cfg
File: graphics.cfg 2016/06/04 v1.11 sample graphics configuration
)
Package graphics Info: Driver file: xetex.def on input line 107.

(/Users/qinyinan/Library/Application Support/MiKTeX/texmfs/install/tex/latex/gr
aphics-def/xetex.def
File: xetex.def 2022/09/22 v5.0n Graphics/color driver for xetex
))
\Gin@req@height=\dimen184
\Gin@req@width=\dimen185
)
LaTeX Info: Redefining \nobreakspace on input line 22.

(/Users/qinyinan/Library/Application Support/MiKTeX/texmfs/install/tex/latex/gr
aphics/color.sty
Package: color 2022/01/06 v1.3d Standard LaTeX Color (DPC)

(/Users/qinyinan/Library/Application Support/MiKTeX/texmfs/install/tex/latex/gr
aphics-cfg/color.cfg
File: color.cfg 2016/01/02 v1.6 sample color configuration
)
Package color Info: Driver file: xetex.def on input line 149.

(/Users/qinyinan/Library/Application Support/MiKTeX/texmfs/install/tex/latex/gr
aphics/mathcolor.ltx))
(/Users/qinyinan/Library/Application Support/MiKTeX/texmfs/install/tex/latex/li
stings/listings.sty
\lst@mode=\count301
\lst@gtempboxa=\box57
\lst@token=\toks22
\lst@length=\count302
\lst@currlwidth=\dimen186
\lst@column=\count303
\lst@pos=\count304
\lst@lostspace=\dimen187
\lst@width=\dimen188
\lst@newlines=\count305
\lst@lineno=\count306
\lst@maxwidth=\dimen189

(/Users/qinyinan/Library/Application Support/MiKTeX/texmfs/install/tex/latex/li
stings/lstmisc.sty
File: lstmisc.sty 2020/03/24 1.8d (Carsten Heinz)
\c@lstnumber=\count307
\lst@skipnumbers=\count308
\lst@framebox=\box58
)
(/Users/qinyinan/Library/Application Support/MiKTeX/texmfs/install/tex/latex/li
stings/listings.cfg
File: listings.cfg 2020/03/24 1.8d listings configuration
))
Package: listings 2020/03/24 1.8d (Carsten Heinz)

(/Users/qinyinan/Library/Application Support/MiKTeX/texmfs/install/tex/xelatex/
xecjk/xeCJK-listings.sty
Package: xeCJK-listings 2022/08/05 v3.9.1 xeCJK patch file for listings
\l__xeCJK_listings_max_char_int=\count309
\l__xeCJK_listings_flag_int=\count310
)
(/Users/qinyinan/Library/Application Support/MiKTeX/texmfs/install/tex/latex/li
stings/lstlang1.sty
File: lstlang1.sty 2020/03/24 1.8d listings language file
)
(/Users/qinyinan/Library/Application Support/MiKTeX/texmfs/install/tex/latex/hy
perref/hyperref.sty
Package: hyperref 2022-11-13 v7.00u Hypertext links for LaTeX

(/Users/qinyinan/Library/Application Support/MiKTeX/texmfs/install/tex/generic/
ltxcmds/ltxcmds.sty
Package: ltxcmds 2020-05-10 v1.25 LaTeX kernel commands for general use (HO)
)
(/Users/qinyinan/Library/Application Support/MiKTeX/texmfs/install/tex/generic/
iftex/iftex.sty
Package: iftex 2022/02/03 v1.0f TeX engine tests
)
(/Users/qinyinan/Library/Application Support/MiKTeX/texmfs/install/tex/generic/
pdftexcmds/pdftexcmds.sty
Package: pdftexcmds 2020-06-27 v0.33 Utility functions of pdfTeX for LuaTeX (HO
)

(/Users/qinyinan/Library/Application Support/MiKTeX/texmfs/install/tex/generic/
infwarerr/infwarerr.sty
Package: infwarerr 2019/12/03 v1.5 Providing info/warning/error messages (HO)
)
Package pdftexcmds Info: \pdf@primitive is available.
Package pdftexcmds Info: \pdf@ifprimitive is available.
Package pdftexcmds Info: \pdfdraftmode not found.
)
(/Users/qinyinan/Library/Application Support/MiKTeX/texmfs/install/tex/latex/kv
setkeys/kvsetkeys.sty
Package: kvsetkeys 2022-10-05 v1.19 Key value parser (HO)
)
(/Users/qinyinan/Library/Application Support/MiKTeX/texmfs/install/tex/generic/
kvdefinekeys/kvdefinekeys.sty
Package: kvdefinekeys 2019-12-19 v1.6 Define keys (HO)
)
(/Users/qinyinan/Library/Application Support/MiKTeX/texmfs/install/tex/generic/
pdfescape/pdfescape.sty
Package: pdfescape 2019/12/09 v1.15 Implements pdfTeX's escape features (HO)
)
(/Users/qinyinan/Library/Application Support/MiKTeX/texmfs/install/tex/latex/hy
color/hycolor.sty
Package: hycolor 2020-01-27 v1.10 Color options for hyperref/bookmark (HO)
)
(/Users/qinyinan/Library/Application Support/MiKTeX/texmfs/install/tex/latex/le
tltxmacro/letltxmacro.sty
Package: letltxmacro 2019/12/03 v1.6 Let assignment for LaTeX macros (HO)
)
(/Users/qinyinan/Library/Application Support/MiKTeX/texmfs/install/tex/latex/au
xhook/auxhook.sty
Package: auxhook 2019-12-17 v1.6 Hooks for auxiliary files (HO)
)
(/Users/qinyinan/Library/Application Support/MiKTeX/texmfs/install/tex/latex/hy
perref/nameref.sty
Package: nameref 2022-05-17 v2.50 Cross-referencing by name of section

(/Users/qinyinan/Library/Application Support/MiKTeX/texmfs/install/tex/latex/re
fcount/refcount.sty
Package: refcount 2019/12/15 v3.6 Data extraction from label references (HO)
)
(/Users/qinyinan/Library/Application Support/MiKTeX/texmfs/install/tex/generic/
gettitlestring/gettitlestring.sty
Package: gettitlestring 2019/12/15 v1.6 Cleanup title references (HO)

(/Users/qinyinan/Library/Application Support/MiKTeX/texmfs/install/tex/latex/kv
options/kvoptions.sty
Package: kvoptions 2022-06-15 v3.15 Key value format for package options (HO)
))
\c@section@level=\count311
)
\@linkdim=\dimen190
\Hy@linkcounter=\count312
\Hy@pagecounter=\count313

(/Users/qinyinan/Library/Application Support/MiKTeX/texmfs/install/tex/latex/hy
perref/pd1enc.def
File: pd1enc.def 2022-11-13 v7.00u Hyperref: PDFDocEncoding definition (HO)
)
(/Users/qinyinan/Library/Application Support/MiKTeX/texmfs/install/tex/generic/
intcalc/intcalc.sty
Package: intcalc 2019/12/15 v1.3 Expandable calculations with integers (HO)
)
(/Users/qinyinan/Library/Application Support/MiKTeX/texmfs/install/tex/generic/
etexcmds/etexcmds.sty
Package: etexcmds 2019/12/15 v1.7 Avoid name clashes with e-TeX commands (HO)
)
\Hy@SavedSpaceFactor=\count314

(/Users/qinyinan/Library/Application Support/MiKTeX/texmfs/install/tex/latex/hy
perref/puenc.def
File: puenc.def 2022-11-13 v7.00u Hyperref: PDF Unicode definition (HO)
)
Package hyperref Info: Option `unicode' set `true' on input line 4045.
Package hyperref Info: Hyper figures OFF on input line 4162.
Package hyperref Info: Link nesting OFF on input line 4167.
Package hyperref Info: Hyper index ON on input line 4170.
Package hyperref Info: Plain pages OFF on input line 4177.
Package hyperref Info: Backreferencing OFF on input line 4182.
Package hyperref Info: Implicit mode ON; LaTeX internals redefined.
Package hyperref Info: Bookmarks ON on input line 4410.
\c@Hy@tempcnt=\count315

(/Users/qinyinan/Library/Application Support/MiKTeX/texmfs/install/tex/latex/ur
l/url.sty
\Urlmuskip=\muskip18
Package: url 2013/09/16  ver 3.4  Verb mode for urls, etc.
)
LaTeX Info: Redefining \url on input line 4748.
\XeTeXLinkMargin=\dimen191

(/Users/qinyinan/Library/Application Support/MiKTeX/texmfs/install/tex/generic/
bitset/bitset.sty
Package: bitset 2019/12/09 v1.3 Handle bit-vector datatype (HO)

(/Users/qinyinan/Library/Application Support/MiKTeX/texmfs/install/tex/generic/
bigintcalc/bigintcalc.sty
Package: bigintcalc 2019/12/15 v1.5 Expandable calculations on big integers (HO
)
))
\Fld@menulength=\count316
\Field@Width=\dimen192
\Fld@charsize=\dimen193
Package hyperref Info: Hyper figures OFF on input line 6027.
Package hyperref Info: Link nesting OFF on input line 6032.
Package hyperref Info: Hyper index ON on input line 6035.
Package hyperref Info: backreferencing OFF on input line 6042.
Package hyperref Info: Link coloring OFF on input line 6047.
Package hyperref Info: Link coloring with OCG OFF on input line 6052.
Package hyperref Info: PDF/A mode OFF on input line 6057.

(/Users/qinyinan/Library/Application Support/MiKTeX/texmfs/install/tex/latex/ba
se/atbegshi-ltx.sty
Package: atbegshi-ltx 2021/01/10 v1.0c Emulation of the original atbegshi
package with kernel methods
)
\Hy@abspage=\count317
\c@Item=\count318
\c@Hfootnote=\count319
)
Package hyperref Info: Driver (autodetected): hxetex.

(/Users/qinyinan/Library/Application Support/MiKTeX/texmfs/install/tex/latex/hy
perref/hxetex.def
File: hxetex.def 2022-11-13 v7.00u Hyperref driver for XeTeX

(/Users/qinyinan/Library/Application Support/MiKTeX/texmfs/install/tex/generic/
stringenc/stringenc.sty
Package: stringenc 2019/11/29 v1.12 Convert strings between diff. encodings (HO
)
)
\pdfm@box=\box59
\c@Hy@AnnotLevel=\count320
\HyField@AnnotCount=\count321
\Fld@listcount=\count322
\c@bookmark@seq@number=\count323

(/Users/qinyinan/Library/Application Support/MiKTeX/texmfs/install/tex/latex/re
runfilecheck/rerunfilecheck.sty
Package: rerunfilecheck 2022-07-10 v1.10 Rerun checks for auxiliary files (HO)

(/Users/qinyinan/Library/Application Support/MiKTeX/texmfs/install/tex/latex/ba
se/atveryend-ltx.sty
Package: atveryend-ltx 2020/08/19 v1.0a Emulation of the original atveryend pac
kage
with kernel methods
)
(/Users/qinyinan/Library/Application Support/MiKTeX/texmfs/install/tex/generic/
uniquecounter/uniquecounter.sty
Package: uniquecounter 2019/12/15 v1.4 Provide unlimited unique counter (HO)
)
Package uniquecounter Info: New unique counter `rerunfilecheck' on input line 2
85.
)
\Hy@SectionHShift=\skip63
)

Package fontspec Info: Font family '安装字体/苹方黑体-细-简.ttf(0)' created for font
(fontspec)             '安装字体/苹方黑体-细-简.ttf' with options [Ligatures=TeX].
(fontspec)              
(fontspec)              This font family consists of the following NFSS
(fontspec)             series/shapes:
(fontspec)              
(fontspec)             - 'normal' (m/n) with NFSS spec.:
(fontspec)             <->"[安装字体/苹方黑体-细-简.ttf]/OT:script=latn;language=dflt;map
ping=tex-text;"
(fontspec)             - 'small caps'  (m/sc) with NFSS spec.: 

LaTeX Font Info:    Trying to load font information for TU+安装字体 on input line 6
2.
LaTeX Font Info:    No file TU安装字体.fd. on input line 62.


LaTeX Font Warning: Font shape `TU/安装字体/苹方黑体-细-简.ttf(0)/m' undefined
(Font)              using `TU/lmr/m/n' instead on input line 62.

dpl.tex:62: Missing number, treated as zero.
<to be read again> 
                   n
l.62 \usepackage
                {xeCJK}
A number should have been here; I inserted `0'.
(If you can't figure out why I needed to see a number,
look up `weird error' in the index to The TeXbook.)

dpl.tex:62: Illegal unit of measure (pt inserted).
<to be read again> 
                   n
l.62 \usepackage
                {xeCJK}
Dimensions can be in units of em, ex, in, pt, pc,
cm, mm, dd, cc, bp, or sp; but yours is a new one!
I'll assume that you meant to say pt, for printer's points.
To recover gracefully from this error, it's best to
delete the erroneous units; e.g., type `2' to delete
two letters. (See Chapter 27 of The TeXbook.)

dpl.tex:62: Missing = inserted for ifdim.
<to be read again> 
                   n
l.62 \usepackage
                {xeCJK}
I was expecting to see `<', `=', or `>'. Didn't.

dpl.tex:62: Missing number, treated as zero.
<to be read again> 
                   n
l.62 \usepackage
                {xeCJK}
A number should have been here; I inserted `0'.
(If you can't figure out why I needed to see a number,
look up `weird error' in the index to The TeXbook.)

dpl.tex:62: Illegal unit of measure (pt inserted).
<to be read again> 
                   n
l.62 \usepackage
                {xeCJK}
Dimensions can be in units of em, ex, in, pt, pc,
cm, mm, dd, cc, bp, or sp; but yours is a new one!
I'll assume that you meant to say pt, for printer's points.
To recover gracefully from this error, it's best to
delete the erroneous units; e.g., type `2' to delete
two letters. (See Chapter 27 of The TeXbook.)


dpl.tex:62: LaTeX Error: Missing begin{document}.

See the LaTeX manual or LaTeX Companion for explanation.
Type  H <return>  for immediate help.
 ...                                              
                                                  
l.62 \usepackage
                {xeCJK}
You're in trouble here.  Try typing  <return>  to proceed.
If that doesn't work, type  X <return>  to quit.

dpl.tex:62: Missing number, treated as zero.
<to be read again> 
                   <
l.62 \usepackage
                {xeCJK}
A number should have been here; I inserted `0'.
(If you can't figure out why I needed to see a number,
look up `weird error' in the index to The TeXbook.)

dpl.tex:62: Illegal unit of measure (pt inserted).
<to be read again> 
                   <
l.62 \usepackage
                {xeCJK}
Dimensions can be in units of em, ex, in, pt, pc,
cm, mm, dd, cc, bp, or sp; but yours is a new one!
I'll assume that you meant to say pt, for printer's points.
To recover gracefully from this error, it's best to
delete the erroneous units; e.g., type `2' to delete
two letters. (See Chapter 27 of The TeXbook.)

dpl.tex:62: Missing number, treated as zero.
<to be read again> 
                   n
l.62 \usepackage
                {xeCJK}
A number should have been here; I inserted `0'.
(If you can't figure out why I needed to see a number,
look up `weird error' in the index to The TeXbook.)

dpl.tex:62: Illegal unit of measure (pt inserted).
<to be read again> 
                   n
l.62 \usepackage
                {xeCJK}
Dimensions can be in units of em, ex, in, pt, pc,
cm, mm, dd, cc, bp, or sp; but yours is a new one!
I'll assume that you meant to say pt, for printer's points.
To recover gracefully from this error, it's best to
delete the erroneous units; e.g., type `2' to delete
two letters. (See Chapter 27 of The TeXbook.)

dpl.tex:62: Missing = inserted for ifdim.
<to be read again> 
                   n
l.62 \usepackage
                {xeCJK}
I was expecting to see `<', `=', or `>'. Didn't.

dpl.tex:62: Missing number, treated as zero.
<to be read again> 
                   n
l.62 \usepackage
                {xeCJK}
A number should have been here; I inserted `0'.
(If you can't figure out why I needed to see a number,
look up `weird error' in the index to The TeXbook.)

dpl.tex:62: Illegal unit of measure (pt inserted).
<to be read again> 
                   n
l.62 \usepackage
                {xeCJK}
Dimensions can be in units of em, ex, in, pt, pc,
cm, mm, dd, cc, bp, or sp; but yours is a new one!
I'll assume that you meant to say pt, for printer's points.
To recover gracefully from this error, it's best to
delete the erroneous units; e.g., type `2' to delete
two letters. (See Chapter 27 of The TeXbook.)

dpl.tex:62: Missing number, treated as zero.
<to be read again> 
                   n
l.62 \usepackage
                {xeCJK}
A number should have been here; I inserted `0'.
(If you can't figure out why I needed to see a number,
look up `weird error' in the index to The TeXbook.)

dpl.tex:62: Illegal unit of measure (pt inserted).
<to be read again> 
                   n
l.62 \usepackage
                {xeCJK}
Dimensions can be in units of em, ex, in, pt, pc,
cm, mm, dd, cc, bp, or sp; but yours is a new one!
I'll assume that you meant to say pt, for printer's points.
To recover gracefully from this error, it's best to
delete the erroneous units; e.g., type `2' to delete
two letters. (See Chapter 27 of The TeXbook.)

dpl.tex:62: Missing number, treated as zero.
<to be read again> 
                   <
l.62 \usepackage
                {xeCJK}
A number should have been here; I inserted `0'.
(If you can't figure out why I needed to see a number,
look up `weird error' in the index to The TeXbook.)

dpl.tex:62: Illegal unit of measure (pt inserted).
<to be read again> 
                   <
l.62 \usepackage
                {xeCJK}
Dimensions can be in units of em, ex, in, pt, pc,
cm, mm, dd, cc, bp, or sp; but yours is a new one!
I'll assume that you meant to say pt, for printer's points.
To recover gracefully from this error, it's best to
delete the erroneous units; e.g., type `2' to delete
two letters. (See Chapter 27 of The TeXbook.)

dpl.tex:62: Missing number, treated as zero.
<to be read again> 
                   def 
l.62 \usepackage
                {xeCJK}
A number should have been here; I inserted `0'.
(If you can't figure out why I needed to see a number,
look up `weird error' in the index to The TeXbook.)

dpl.tex:62: Illegal unit of measure (pt inserted).
<to be read again> 
                   def 
l.62 \usepackage
                {xeCJK}
Dimensions can be in units of em, ex, in, pt, pc,
cm, mm, dd, cc, bp, or sp; but yours is a new one!
I'll assume that you meant to say pt, for printer's points.
To recover gracefully from this error, it's best to
delete the erroneous units; e.g., type `2' to delete
two letters. (See Chapter 27 of The TeXbook.)

dpl.tex:62: Missing number, treated as zero.
<to be read again> 
                   n
l.62 \usepackage
                {xeCJK}
A number should have been here; I inserted `0'.
(If you can't figure out why I needed to see a number,
look up `weird error' in the index to The TeXbook.)

dpl.tex:62: Illegal unit of measure (pt inserted).
<to be read again> 
                   n
l.62 \usepackage
                {xeCJK}
Dimensions can be in units of em, ex, in, pt, pc,
cm, mm, dd, cc, bp, or sp; but yours is a new one!
I'll assume that you meant to say pt, for printer's points.
To recover gracefully from this error, it's best to
delete the erroneous units; e.g., type `2' to delete
two letters. (See Chapter 27 of The TeXbook.)

dpl.tex:62: Missing = inserted for ifdim.
<to be read again> 
                   n
l.62 \usepackage
                {xeCJK}
I was expecting to see `<', `=', or `>'. Didn't.

dpl.tex:62: Missing number, treated as zero.
<to be read again> 
                   n
l.62 \usepackage
                {xeCJK}
A number should have been here; I inserted `0'.
(If you can't figure out why I needed to see a number,
look up `weird error' in the index to The TeXbook.)

dpl.tex:62: Illegal unit of measure (pt inserted).
<to be read again> 
                   n
l.62 \usepackage
                {xeCJK}
Dimensions can be in units of em, ex, in, pt, pc,
cm, mm, dd, cc, bp, or sp; but yours is a new one!
I'll assume that you meant to say pt, for printer's points.
To recover gracefully from this error, it's best to
delete the erroneous units; e.g., type `2' to delete
two letters. (See Chapter 27 of The TeXbook.)

dpl.tex:62: Missing number, treated as zero.
<to be read again> 
                   <
l.62 \usepackage
                {xeCJK}
A number should have been here; I inserted `0'.
(If you can't figure out why I needed to see a number,
look up `weird error' in the index to The TeXbook.)

dpl.tex:62: Illegal unit of measure (pt inserted).
<to be read again> 
                   <
l.62 \usepackage
                {xeCJK}
Dimensions can be in units of em, ex, in, pt, pc,
cm, mm, dd, cc, bp, or sp; but yours is a new one!
I'll assume that you meant to say pt, for printer's points.
To recover gracefully from this error, it's best to
delete the erroneous units; e.g., type `2' to delete
two letters. (See Chapter 27 of The TeXbook.)

dpl.tex:62: Missing number, treated as zero.
<to be read again> 
                   n
l.62 \usepackage
                {xeCJK}
A number should have been here; I inserted `0'.
(If you can't figure out why I needed to see a number,
look up `weird error' in the index to The TeXbook.)

dpl.tex:62: Illegal unit of measure (pt inserted).
<to be read again> 
                   n
l.62 \usepackage
                {xeCJK}
Dimensions can be in units of em, ex, in, pt, pc,
cm, mm, dd, cc, bp, or sp; but yours is a new one!
I'll assume that you meant to say pt, for printer's points.
To recover gracefully from this error, it's best to
delete the erroneous units; e.g., type `2' to delete
two letters. (See Chapter 27 of The TeXbook.)

dpl.tex:62: Missing = inserted for ifdim.
<to be read again> 
                   n
l.62 \usepackage
                {xeCJK}
I was expecting to see `<', `=', or `>'. Didn't.

dpl.tex:62: Missing number, treated as zero.
<to be read again> 
                   n
l.62 \usepackage
                {xeCJK}
A number should have been here; I inserted `0'.
(If you can't figure out why I needed to see a number,
look up `weird error' in the index to The TeXbook.)

dpl.tex:62: Illegal unit of measure (pt inserted).
<to be read again> 
                   n
l.62 \usepackage
                {xeCJK}
Dimensions can be in units of em, ex, in, pt, pc,
cm, mm, dd, cc, bp, or sp; but yours is a new one!
I'll assume that you meant to say pt, for printer's points.
To recover gracefully from this error, it's best to
delete the erroneous units; e.g., type `2' to delete
two letters. (See Chapter 27 of The TeXbook.)

dpl.tex:62: Missing number, treated as zero.
<to be read again> 
                   n
l.62 \usepackage
                {xeCJK}
A number should have been here; I inserted `0'.
(If you can't figure out why I needed to see a number,
look up `weird error' in the index to The TeXbook.)

dpl.tex:62: Illegal unit of measure (pt inserted).
<to be read again> 
                   n
l.62 \usepackage
                {xeCJK}
Dimensions can be in units of em, ex, in, pt, pc,
cm, mm, dd, cc, bp, or sp; but yours is a new one!
I'll assume that you meant to say pt, for printer's points.
To recover gracefully from this error, it's best to
delete the erroneous units; e.g., type `2' to delete
two letters. (See Chapter 27 of The TeXbook.)

dpl.tex:62: Missing number, treated as zero.
<to be read again> 
                   <
l.62 \usepackage
                {xeCJK}
A number should have been here; I inserted `0'.
(If you can't figure out why I needed to see a number,
look up `weird error' in the index to The TeXbook.)

dpl.tex:62: Illegal unit of measure (pt inserted).
<to be read again> 
                   <
l.62 \usepackage
                {xeCJK}
Dimensions can be in units of em, ex, in, pt, pc,
cm, mm, dd, cc, bp, or sp; but yours is a new one!
I'll assume that you meant to say pt, for printer's points.
To recover gracefully from this error, it's best to
delete the erroneous units; e.g., type `2' to delete
two letters. (See Chapter 27 of The TeXbook.)

dpl.tex:62: Missing number, treated as zero.
<to be read again> 
                   def 
l.62 \usepackage
                {xeCJK}
A number should have been here; I inserted `0'.
(If you can't figure out why I needed to see a number,
look up `weird error' in the index to The TeXbook.)

dpl.tex:62: Illegal unit of measure (pt inserted).
<to be read again> 
                   def 
l.62 \usepackage
                {xeCJK}
Dimensions can be in units of em, ex, in, pt, pc,
cm, mm, dd, cc, bp, or sp; but yours is a new one!
I'll assume that you meant to say pt, for printer's points.
To recover gracefully from this error, it's best to
delete the erroneous units; e.g., type `2' to delete
two letters. (See Chapter 27 of The TeXbook.)

dpl.tex:62: Missing number, treated as zero.
<to be read again> 
                   n
l.62 \usepackage
                {xeCJK}
A number should have been here; I inserted `0'.
(If you can't figure out why I needed to see a number,
look up `weird error' in the index to The TeXbook.)

dpl.tex:62: Illegal unit of measure (pt inserted).
<to be read again> 
                   n
l.62 \usepackage
                {xeCJK}
Dimensions can be in units of em, ex, in, pt, pc,
cm, mm, dd, cc, bp, or sp; but yours is a new one!
I'll assume that you meant to say pt, for printer's points.
To recover gracefully from this error, it's best to
delete the erroneous units; e.g., type `2' to delete
two letters. (See Chapter 27 of The TeXbook.)

dpl.tex:62: Missing = inserted for ifdim.
<to be read again> 
                   n
l.62 \usepackage
                {xeCJK}
I was expecting to see `<', `=', or `>'. Didn't.

dpl.tex:62: Missing number, treated as zero.
<to be read again> 
                   n
l.62 \usepackage
                {xeCJK}
A number should have been here; I inserted `0'.
(If you can't figure out why I needed to see a number,
look up `weird error' in the index to The TeXbook.)

dpl.tex:62: Illegal unit of measure (pt inserted).
<to be read again> 
                   n
l.62 \usepackage
                {xeCJK}
Dimensions can be in units of em, ex, in, pt, pc,
cm, mm, dd, cc, bp, or sp; but yours is a new one!
I'll assume that you meant to say pt, for printer's points.
To recover gracefully from this error, it's best to
delete the erroneous units; e.g., type `2' to delete
two letters. (See Chapter 27 of The TeXbook.)

dpl.tex:62: Missing number, treated as zero.
<to be read again> 
                   <
l.62 \usepackage
                {xeCJK}
A number should have been here; I inserted `0'.
(If you can't figure out why I needed to see a number,
look up `weird error' in the index to The TeXbook.)

dpl.tex:62: Illegal unit of measure (pt inserted).
<to be read again> 
                   <
l.62 \usepackage
                {xeCJK}
Dimensions can be in units of em, ex, in, pt, pc,
cm, mm, dd, cc, bp, or sp; but yours is a new one!
I'll assume that you meant to say pt, for printer's points.
To recover gracefully from this error, it's best to
delete the erroneous units; e.g., type `2' to delete
two letters. (See Chapter 27 of The TeXbook.)

dpl.tex:62: Missing number, treated as zero.
<to be read again> 
                   n
l.62 \usepackage
                {xeCJK}
A number should have been here; I inserted `0'.
(If you can't figure out why I needed to see a number,
look up `weird error' in the index to The TeXbook.)

dpl.tex:62: Illegal unit of measure (pt inserted).
<to be read again> 
                   n
l.62 \usepackage
                {xeCJK}
Dimensions can be in units of em, ex, in, pt, pc,
cm, mm, dd, cc, bp, or sp; but yours is a new one!
I'll assume that you meant to say pt, for printer's points.
To recover gracefully from this error, it's best to
delete the erroneous units; e.g., type `2' to delete
two letters. (See Chapter 27 of The TeXbook.)

dpl.tex:62: Missing = inserted for ifdim.
<to be read again> 
                   n
l.62 \usepackage
                {xeCJK}
I was expecting to see `<', `=', or `>'. Didn't.

dpl.tex:62: Missing number, treated as zero.
<to be read again> 
                   n
l.62 \usepackage
                {xeCJK}
A number should have been here; I inserted `0'.
(If you can't figure out why I needed to see a number,
look up `weird error' in the index to The TeXbook.)

dpl.tex:62: Illegal unit of measure (pt inserted).
<to be read again> 
                   n
l.62 \usepackage
                {xeCJK}
Dimensions can be in units of em, ex, in, pt, pc,
cm, mm, dd, cc, bp, or sp; but yours is a new one!
I'll assume that you meant to say pt, for printer's points.
To recover gracefully from this error, it's best to
delete the erroneous units; e.g., type `2' to delete
two letters. (See Chapter 27 of The TeXbook.)

dpl.tex:62: Missing number, treated as zero.
<to be read again> 
                   n
l.62 \usepackage
                {xeCJK}
A number should have been here; I inserted `0'.
(If you can't figure out why I needed to see a number,
look up `weird error' in the index to The TeXbook.)

dpl.tex:62: Illegal unit of measure (pt inserted).
<to be read again> 
                   n
l.62 \usepackage
                {xeCJK}
Dimensions can be in units of em, ex, in, pt, pc,
cm, mm, dd, cc, bp, or sp; but yours is a new one!
I'll assume that you meant to say pt, for printer's points.
To recover gracefully from this error, it's best to
delete the erroneous units; e.g., type `2' to delete
two letters. (See Chapter 27 of The TeXbook.)

dpl.tex:62: Missing number, treated as zero.
<to be read again> 
                   <
l.62 \usepackage
                {xeCJK}
A number should have been here; I inserted `0'.
(If you can't figure out why I needed to see a number,
look up `weird error' in the index to The TeXbook.)

dpl.tex:62: Illegal unit of measure (pt inserted).
<to be read again> 
                   <
l.62 \usepackage
                {xeCJK}
Dimensions can be in units of em, ex, in, pt, pc,
cm, mm, dd, cc, bp, or sp; but yours is a new one!
I'll assume that you meant to say pt, for printer's points.
To recover gracefully from this error, it's best to
delete the erroneous units; e.g., type `2' to delete
two letters. (See Chapter 27 of The TeXbook.)

dpl.tex:62: Missing number, treated as zero.
<to be read again> 
                   def 
l.62 \usepackage
                {xeCJK}
A number should have been here; I inserted `0'.
(If you can't figure out why I needed to see a number,
look up `weird error' in the index to The TeXbook.)

dpl.tex:62: Illegal unit of measure (pt inserted).
<to be read again> 
                   def 
l.62 \usepackage
                {xeCJK}
Dimensions can be in units of em, ex, in, pt, pc,
cm, mm, dd, cc, bp, or sp; but yours is a new one!
I'll assume that you meant to say pt, for printer's points.
To recover gracefully from this error, it's best to
delete the erroneous units; e.g., type `2' to delete
two letters. (See Chapter 27 of The TeXbook.)

dpl.tex:62: Missing number, treated as zero.
<to be read again> 
                   n
l.62 \usepackage
                {xeCJK}
A number should have been here; I inserted `0'.
(If you can't figure out why I needed to see a number,
look up `weird error' in the index to The TeXbook.)

dpl.tex:62: Illegal unit of measure (pt inserted).
<to be read again> 
                   n
l.62 \usepackage
                {xeCJK}
Dimensions can be in units of em, ex, in, pt, pc,
cm, mm, dd, cc, bp, or sp; but yours is a new one!
I'll assume that you meant to say pt, for printer's points.
To recover gracefully from this error, it's best to
delete the erroneous units; e.g., type `2' to delete
two letters. (See Chapter 27 of The TeXbook.)

dpl.tex:62: Missing = inserted for ifdim.
<to be read again> 
                   n
l.62 \usepackage
                {xeCJK}
I was expecting to see `<', `=', or `>'. Didn't.

dpl.tex:62: Missing number, treated as zero.
<to be read again> 
                   n
l.62 \usepackage
                {xeCJK}
A number should have been here; I inserted `0'.
(If you can't figure out why I needed to see a number,
look up `weird error' in the index to The TeXbook.)

dpl.tex:62: Illegal unit of measure (pt inserted).
<to be read again> 
                   n
l.62 \usepackage
                {xeCJK}
Dimensions can be in units of em, ex, in, pt, pc,
cm, mm, dd, cc, bp, or sp; but yours is a new one!
I'll assume that you meant to say pt, for printer's points.
To recover gracefully from this error, it's best to
delete the erroneous units; e.g., type `2' to delete
two letters. (See Chapter 27 of The TeXbook.)

dpl.tex:62: Missing number, treated as zero.
<to be read again> 
                   <
l.62 \usepackage
                {xeCJK}
A number should have been here; I inserted `0'.
(If you can't figure out why I needed to see a number,
look up `weird error' in the index to The TeXbook.)

dpl.tex:62: Illegal unit of measure (pt inserted).
<to be read again> 
                   <
l.62 \usepackage
                {xeCJK}
Dimensions can be in units of em, ex, in, pt, pc,
cm, mm, dd, cc, bp, or sp; but yours is a new one!
I'll assume that you meant to say pt, for printer's points.
To recover gracefully from this error, it's best to
delete the erroneous units; e.g., type `2' to delete
two letters. (See Chapter 27 of The TeXbook.)

dpl.tex:62: Missing number, treated as zero.
<to be read again> 
                   n
l.62 \usepackage
                {xeCJK}
A number should have been here; I inserted `0'.
(If you can't figure out why I needed to see a number,
look up `weird error' in the index to The TeXbook.)

dpl.tex:62: Illegal unit of measure (pt inserted).
<to be read again> 
                   n
l.62 \usepackage
                {xeCJK}
Dimensions can be in units of em, ex, in, pt, pc,
cm, mm, dd, cc, bp, or sp; but yours is a new one!
I'll assume that you meant to say pt, for printer's points.
To recover gracefully from this error, it's best to
delete the erroneous units; e.g., type `2' to delete
two letters. (See Chapter 27 of The TeXbook.)

dpl.tex:62: Missing = inserted for ifdim.
<to be read again> 
                   n
l.62 \usepackage
                {xeCJK}
I was expecting to see `<', `=', or `>'. Didn't.

dpl.tex:62: Missing number, treated as zero.
<to be read again> 
                   n
l.62 \usepackage
                {xeCJK}
A number should have been here; I inserted `0'.
(If you can't figure out why I needed to see a number,
look up `weird error' in the index to The TeXbook.)

dpl.tex:62: Illegal unit of measure (pt inserted).
<to be read again> 
                   n
l.62 \usepackage
                {xeCJK}
Dimensions can be in units of em, ex, in, pt, pc,
cm, mm, dd, cc, bp, or sp; but yours is a new one!
I'll assume that you meant to say pt, for printer's points.
To recover gracefully from this error, it's best to
delete the erroneous units; e.g., type `2' to delete
two letters. (See Chapter 27 of The TeXbook.)

dpl.tex:62: Missing number, treated as zero.
<to be read again> 
                   n
l.62 \usepackage
                {xeCJK}
A number should have been here; I inserted `0'.
(If you can't figure out why I needed to see a number,
look up `weird error' in the index to The TeXbook.)

dpl.tex:62: Illegal unit of measure (pt inserted).
<to be read again> 
                   n
l.62 \usepackage
                {xeCJK}
Dimensions can be in units of em, ex, in, pt, pc,
cm, mm, dd, cc, bp, or sp; but yours is a new one!
I'll assume that you meant to say pt, for printer's points.
To recover gracefully from this error, it's best to
delete the erroneous units; e.g., type `2' to delete
two letters. (See Chapter 27 of The TeXbook.)

dpl.tex:62: Missing number, treated as zero.
<to be read again> 
                   <
l.62 \usepackage
                {xeCJK}
A number should have been here; I inserted `0'.
(If you can't figure out why I needed to see a number,
look up `weird error' in the index to The TeXbook.)

dpl.tex:62: Illegal unit of measure (pt inserted).
<to be read again> 
                   <
l.62 \usepackage
                {xeCJK}
Dimensions can be in units of em, ex, in, pt, pc,
cm, mm, dd, cc, bp, or sp; but yours is a new one!
I'll assume that you meant to say pt, for printer's points.
To recover gracefully from this error, it's best to
delete the erroneous units; e.g., type `2' to delete
two letters. (See Chapter 27 of The TeXbook.)

dpl.tex:62: Missing number, treated as zero.
<to be read again> 
                   def 
l.62 \usepackage
                {xeCJK}
A number should have been here; I inserted `0'.
(If you can't figure out why I needed to see a number,
look up `weird error' in the index to The TeXbook.)

dpl.tex:62: Illegal unit of measure (pt inserted).
<to be read again> 
                   def 
l.62 \usepackage
                {xeCJK}
Dimensions can be in units of em, ex, in, pt, pc,
cm, mm, dd, cc, bp, or sp; but yours is a new one!
I'll assume that you meant to say pt, for printer's points.
To recover gracefully from this error, it's best to
delete the erroneous units; e.g., type `2' to delete
two letters. (See Chapter 27 of The TeXbook.)

dpl.tex:62: Missing number, treated as zero.
<to be read again> 
                   n
l.62 \usepackage
                {xeCJK}
A number should have been here; I inserted `0'.
(If you can't figure out why I needed to see a number,
look up `weird error' in the index to The TeXbook.)

dpl.tex:62: Illegal unit of measure (pt inserted).
<to be read again> 
                   n
l.62 \usepackage
                {xeCJK}
Dimensions can be in units of em, ex, in, pt, pc,
cm, mm, dd, cc, bp, or sp; but yours is a new one!
I'll assume that you meant to say pt, for printer's points.
To recover gracefully from this error, it's best to
delete the erroneous units; e.g., type `2' to delete
two letters. (See Chapter 27 of The TeXbook.)

dpl.tex:62: Missing = inserted for ifdim.
<to be read again> 
                   n
l.62 \usepackage
                {xeCJK}
I was expecting to see `<', `=', or `>'. Didn't.

dpl.tex:62: Missing number, treated as zero.
<to be read again> 
                   n
l.62 \usepackage
                {xeCJK}
A number should have been here; I inserted `0'.
(If you can't figure out why I needed to see a number,
look up `weird error' in the index to The TeXbook.)

dpl.tex:62: Illegal unit of measure (pt inserted).
<to be read again> 
                   n
l.62 \usepackage
                {xeCJK}
Dimensions can be in units of em, ex, in, pt, pc,
cm, mm, dd, cc, bp, or sp; but yours is a new one!
I'll assume that you meant to say pt, for printer's points.
To recover gracefully from this error, it's best to
delete the erroneous units; e.g., type `2' to delete
two letters. (See Chapter 27 of The TeXbook.)

dpl.tex:62: Missing number, treated as zero.
<to be read again> 
                   <
l.62 \usepackage
                {xeCJK}
A number should have been here; I inserted `0'.
(If you can't figure out why I needed to see a number,
look up `weird error' in the index to The TeXbook.)

dpl.tex:62: Illegal unit of measure (pt inserted).
<to be read again> 
                   <
l.62 \usepackage
                {xeCJK}
Dimensions can be in units of em, ex, in, pt, pc,
cm, mm, dd, cc, bp, or sp; but yours is a new one!
I'll assume that you meant to say pt, for printer's points.
To recover gracefully from this error, it's best to
delete the erroneous units; e.g., type `2' to delete
two letters. (See Chapter 27 of The TeXbook.)

dpl.tex:62: Missing number, treated as zero.
<to be read again> 
                   n
l.62 \usepackage
                {xeCJK}
A number should have been here; I inserted `0'.
(If you can't figure out why I needed to see a number,
look up `weird error' in the index to The TeXbook.)

dpl.tex:62: Illegal unit of measure (pt inserted).
<to be read again> 
                   n
l.62 \usepackage
                {xeCJK}
Dimensions can be in units of em, ex, in, pt, pc,
cm, mm, dd, cc, bp, or sp; but yours is a new one!
I'll assume that you meant to say pt, for printer's points.
To recover gracefully from this error, it's best to
delete the erroneous units; e.g., type `2' to delete
two letters. (See Chapter 27 of The TeXbook.)

dpl.tex:62: Missing = inserted for ifdim.
<to be read again> 
                   n
l.62 \usepackage
                {xeCJK}
I was expecting to see `<', `=', or `>'. Didn't.

dpl.tex:62: Missing number, treated as zero.
<to be read again> 
                   n
l.62 \usepackage
                {xeCJK}
A number should have been here; I inserted `0'.
(If you can't figure out why I needed to see a number,
look up `weird error' in the index to The TeXbook.)

dpl.tex:62: Illegal unit of measure (pt inserted).
<to be read again> 
                   n
l.62 \usepackage
                {xeCJK}
Dimensions can be in units of em, ex, in, pt, pc,
cm, mm, dd, cc, bp, or sp; but yours is a new one!
I'll assume that you meant to say pt, for printer's points.
To recover gracefully from this error, it's best to
delete the erroneous units; e.g., type `2' to delete
two letters. (See Chapter 27 of The TeXbook.)

dpl.tex:62: Missing number, treated as zero.
<to be read again> 
                   n
l.62 \usepackage
                {xeCJK}
A number should have been here; I inserted `0'.
(If you can't figure out why I needed to see a number,
look up `weird error' in the index to The TeXbook.)

dpl.tex:62: Illegal unit of measure (pt inserted).
<to be read again> 
                   n
l.62 \usepackage
                {xeCJK}
Dimensions can be in units of em, ex, in, pt, pc,
cm, mm, dd, cc, bp, or sp; but yours is a new one!
I'll assume that you meant to say pt, for printer's points.
To recover gracefully from this error, it's best to
delete the erroneous units; e.g., type `2' to delete
two letters. (See Chapter 27 of The TeXbook.)

dpl.tex:62: Missing number, treated as zero.
<to be read again> 
                   <
l.62 \usepackage
                {xeCJK}
A number should have been here; I inserted `0'.
(If you can't figure out why I needed to see a number,
look up `weird error' in the index to The TeXbook.)

dpl.tex:62: Illegal unit of measure (pt inserted).
<to be read again> 
                   <
l.62 \usepackage
                {xeCJK}
Dimensions can be in units of em, ex, in, pt, pc,
cm, mm, dd, cc, bp, or sp; but yours is a new one!
I'll assume that you meant to say pt, for printer's points.
To recover gracefully from this error, it's best to
delete the erroneous units; e.g., type `2' to delete
two letters. (See Chapter 27 of The TeXbook.)

dpl.tex:62: Missing number, treated as zero.
<to be read again> 
                   def 
l.62 \usepackage
                {xeCJK}
A number should have been here; I inserted `0'.
(If you can't figure out why I needed to see a number,
look up `weird error' in the index to The TeXbook.)

dpl.tex:62: Illegal unit of measure (pt inserted).
<to be read again> 
                   def 
l.62 \usepackage
                {xeCJK}
Dimensions can be in units of em, ex, in, pt, pc,
cm, mm, dd, cc, bp, or sp; but yours is a new one!
I'll assume that you meant to say pt, for printer's points.
To recover gracefully from this error, it's best to
delete the erroneous units; e.g., type `2' to delete
two letters. (See Chapter 27 of The TeXbook.)

dpl.tex:62: Missing number, treated as zero.
<to be read again> 
                   n
l.62 \usepackage
                {xeCJK}
A number should have been here; I inserted `0'.
(If you can't figure out why I needed to see a number,
look up `weird error' in the index to The TeXbook.)

dpl.tex:62: Illegal unit of measure (pt inserted).
<to be read again> 
                   n
l.62 \usepackage
                {xeCJK}
Dimensions can be in units of em, ex, in, pt, pc,
cm, mm, dd, cc, bp, or sp; but yours is a new one!
I'll assume that you meant to say pt, for printer's points.
To recover gracefully from this error, it's best to
delete the erroneous units; e.g., type `2' to delete
two letters. (See Chapter 27 of The TeXbook.)

dpl.tex:62: Missing = inserted for ifdim.
<to be read again> 
                   n
l.62 \usepackage
                {xeCJK}
I was expecting to see `<', `=', or `>'. Didn't.

dpl.tex:62: Missing number, treated as zero.
<to be read again> 
                   n
l.62 \usepackage
                {xeCJK}
A number should have been here; I inserted `0'.
(If you can't figure out why I needed to see a number,
look up `weird error' in the index to The TeXbook.)

dpl.tex:62: Illegal unit of measure (pt inserted).
<to be read again> 
                   n
l.62 \usepackage
                {xeCJK}
Dimensions can be in units of em, ex, in, pt, pc,
cm, mm, dd, cc, bp, or sp; but yours is a new one!
I'll assume that you meant to say pt, for printer's points.
To recover gracefully from this error, it's best to
delete the erroneous units; e.g., type `2' to delete
two letters. (See Chapter 27 of The TeXbook.)

dpl.tex:62: Missing number, treated as zero.
<to be read again> 
                   <
l.62 \usepackage
                {xeCJK}
A number should have been here; I inserted `0'.
(If you can't figure out why I needed to see a number,
look up `weird error' in the index to The TeXbook.)

dpl.tex:62: Illegal unit of measure (pt inserted).
<to be read again> 
                   <
l.62 \usepackage
                {xeCJK}
Dimensions can be in units of em, ex, in, pt, pc,
cm, mm, dd, cc, bp, or sp; but yours is a new one!
I'll assume that you meant to say pt, for printer's points.
To recover gracefully from this error, it's best to
delete the erroneous units; e.g., type `2' to delete
two letters. (See Chapter 27 of The TeXbook.)

dpl.tex:62: Missing number, treated as zero.
<to be read again> 
                   n
l.62 \usepackage
                {xeCJK}
A number should have been here; I inserted `0'.
(If you can't figure out why I needed to see a number,
look up `weird error' in the index to The TeXbook.)

dpl.tex:62: Illegal unit of measure (pt inserted).
<to be read again> 
                   n
l.62 \usepackage
                {xeCJK}
Dimensions can be in units of em, ex, in, pt, pc,
cm, mm, dd, cc, bp, or sp; but yours is a new one!
I'll assume that you meant to say pt, for printer's points.
To recover gracefully from this error, it's best to
delete the erroneous units; e.g., type `2' to delete
two letters. (See Chapter 27 of The TeXbook.)

dpl.tex:62: Missing = inserted for ifdim.
<to be read again> 
                   n
l.62 \usepackage
                {xeCJK}
I was expecting to see `<', `=', or `>'. Didn't.

dpl.tex:62: Missing number, treated as zero.
<to be read again> 
                   n
l.62 \usepackage
                {xeCJK}
A number should have been here; I inserted `0'.
(If you can't figure out why I needed to see a number,
look up `weird error' in the index to The TeXbook.)

dpl.tex:62: Illegal unit of measure (pt inserted).
<to be read again> 
                   n
l.62 \usepackage
                {xeCJK}
Dimensions can be in units of em, ex, in, pt, pc,
cm, mm, dd, cc, bp, or sp; but yours is a new one!
I'll assume that you meant to say pt, for printer's points.
To recover gracefully from this error, it's best to
delete the erroneous units; e.g., type `2' to delete
two letters. (See Chapter 27 of The TeXbook.)

dpl.tex:62: Missing number, treated as zero.
<to be read again> 
                   n
l.62 \usepackage
                {xeCJK}
A number should have been here; I inserted `0'.
(If you can't figure out why I needed to see a number,
look up `weird error' in the index to The TeXbook.)

dpl.tex:62: Illegal unit of measure (pt inserted).
<to be read again> 
                   n
l.62 \usepackage
                {xeCJK}
(That makes 100 errors; please try again.) 
Here is how much of TeX's memory you used:
 16218 strings out of 413536
 354308 string characters out of 2852101
 1843979 words of memory out of 3000000
 36072 multiletter control sequences out of 15000+600000
 517375 words of font info for 48 fonts, out of 8000000 for 9000
 0 hyphenation exceptions out of 8191
 89i,0n,97p,368b,278s stack positions out of 5000i,500n,10000p,200000b,80000s

No pages of output.
